<?xml version="1.0" encoding="UTF-8"?>
<coverage generated="1763594683246" clover="3.2.0">
  <project timestamp="1763594683246" name="All files">
    <metrics statements="87" coveredstatements="87" conditionals="56" coveredconditionals="47" methods="10" coveredmethods="10" elements="153" coveredelements="144" complexity="0" loc="87" ncloc="87" packages="3" files="3" classes="3"/>
    <package name="numeros-romanos-xAlan1125x">
      <metrics statements="65" coveredstatements="65" conditionals="37" coveredconditionals="37" methods="5" coveredmethods="5"/>
      <file name="romano-arabigo.js" path="C:\Users\Usuario\OneDrive\Programación\Primer año\Segundo cuatrimestre\#####Actividades, tareas, ejercicios\Diseño y arquitectura de despliegues\Proyecto final\numeros-romanos-xAlan1125x\romano-arabigo.js">
        <metrics statements="65" coveredstatements="65" conditionals="37" coveredconditionals="37" methods="5" coveredmethods="5"/>
        <line num="1" count="2" type="stmt"/>
        <line num="2" count="2" type="stmt"/>
        <line num="3" count="2" type="cond" truecount="2" falsecount="0"/>
        <line num="4" count="2" type="stmt"/>
        <line num="5" count="14" type="stmt"/>
        <line num="6" count="14" type="stmt"/>
        <line num="7" count="14" type="stmt"/>
        <line num="8" count="14" type="cond" truecount="2" falsecount="0"/>
        <line num="9" count="12" type="stmt"/>
        <line num="11" count="2" type="stmt"/>
        <line num="15" count="2" type="stmt"/>
        <line num="16" count="4" type="stmt"/>
        <line num="20" count="4" type="cond" truecount="4" falsecount="0"/>
        <line num="21" count="1" type="stmt"/>
        <line num="22" count="1" type="stmt"/>
        <line num="32" count="3" type="stmt"/>
        <line num="33" count="3" type="stmt"/>
        <line num="34" count="1" type="stmt"/>
        <line num="36" count="2" type="stmt"/>
        <line num="42" count="2" type="stmt"/>
        <line num="43" count="8" type="stmt"/>
        <line num="46" count="8" type="cond" truecount="4" falsecount="0"/>
        <line num="47" count="2" type="stmt"/>
        <line num="48" count="2" type="stmt"/>
        <line num="59" count="6" type="stmt"/>
        <line num="60" count="6" type="cond" truecount="5" falsecount="0"/>
        <line num="61" count="2" type="stmt"/>
        <line num="62" count="2" type="stmt"/>
        <line num="72" count="4" type="stmt"/>
        <line num="73" count="4" type="stmt"/>
        <line num="74" count="1" type="stmt"/>
        <line num="76" count="3" type="stmt"/>
        <line num="82" count="2" type="stmt"/>
        <line num="83" count="2" type="stmt"/>
        <line num="102" count="22" type="cond" truecount="2" falsecount="0"/>
        <line num="103" count="2" type="stmt"/>
        <line num="106" count="20" type="stmt"/>
        <line num="107" count="20" type="cond" truecount="2" falsecount="0"/>
        <line num="108" count="1" type="stmt"/>
        <line num="111" count="19" type="stmt"/>
        <line num="112" count="19" type="cond" truecount="2" falsecount="0"/>
        <line num="113" count="8" type="stmt"/>
        <line num="118" count="11" type="stmt"/>
        <line num="121" count="11" type="stmt"/>
        <line num="122" count="37" type="stmt"/>
        <line num="123" count="37" type="cond" truecount="2" falsecount="0"/>
        <line num="126" count="37" type="cond" truecount="2" falsecount="0"/>
        <line num="127" count="12" type="stmt"/>
        <line num="129" count="25" type="stmt"/>
        <line num="133" count="11" type="stmt"/>
        <line num="141" count="16" type="cond" truecount="4" falsecount="0"/>
        <line num="142" count="5" type="stmt"/>
        <line num="145" count="11" type="cond" truecount="4" falsecount="0"/>
        <line num="146" count="6" type="stmt"/>
        <line num="150" count="5" type="stmt"/>
        <line num="151" count="5" type="stmt"/>
        <line num="153" count="5" type="stmt"/>
        <line num="154" count="61" type="stmt"/>
        <line num="155" count="20" type="stmt"/>
        <line num="156" count="20" type="stmt"/>
        <line num="158" count="61" type="cond" truecount="2" falsecount="0"/>
        <line num="161" count="5" type="stmt"/>
        <line num="171" count="2" type="stmt"/>
        <line num="172" count="2" type="stmt"/>
        <line num="174" count="2" type="stmt"/>
      </file>
    </package>
    <package name="numeros-romanos-xAlan1125x.errors">
      <metrics statements="13" coveredstatements="13" conditionals="0" coveredconditionals="0" methods="3" coveredmethods="3"/>
      <file name="custom-errors.js" path="C:\Users\Usuario\OneDrive\Programación\Primer año\Segundo cuatrimestre\#####Actividades, tareas, ejercicios\Diseño y arquitectura de despliegues\Proyecto final\numeros-romanos-xAlan1125x\errors\custom-errors.js">
        <metrics statements="13" coveredstatements="13" conditionals="0" coveredconditionals="0" methods="3" coveredmethods="3"/>
        <line num="4" count="11" type="stmt"/>
        <line num="5" count="11" type="stmt"/>
        <line num="6" count="11" type="stmt"/>
        <line num="7" count="11" type="stmt"/>
        <line num="13" count="6" type="stmt"/>
        <line num="14" count="6" type="stmt"/>
        <line num="15" count="6" type="stmt"/>
        <line num="16" count="6" type="stmt"/>
        <line num="23" count="5" type="stmt"/>
        <line num="24" count="5" type="stmt"/>
        <line num="25" count="5" type="stmt"/>
        <line num="26" count="5" type="stmt"/>
        <line num="30" count="2" type="stmt"/>
      </file>
    </package>
    <package name="numeros-romanos-xAlan1125x.middlewares">
      <metrics statements="9" coveredstatements="9" conditionals="19" coveredconditionals="10" methods="2" coveredmethods="2"/>
      <file name="error-handler.js" path="C:\Users\Usuario\OneDrive\Programación\Primer año\Segundo cuatrimestre\#####Actividades, tareas, ejercicios\Diseño y arquitectura de despliegues\Proyecto final\numeros-romanos-xAlan1125x\middlewares\error-handler.js">
        <metrics statements="9" coveredstatements="9" conditionals="19" coveredconditionals="10" methods="2" coveredmethods="2"/>
        <line num="3" count="5" type="cond" truecount="1" falsecount="1"/>
        <line num="4" count="5" type="cond" truecount="1" falsecount="3"/>
        <line num="5" count="5" type="stmt"/>
        <line num="15" count="2" type="stmt"/>
        <line num="17" count="5" type="cond" truecount="3" falsecount="1"/>
        <line num="19" count="5" type="cond" truecount="1" falsecount="1"/>
        <line num="20" count="5" type="stmt"/>
        <line num="22" count="5" type="stmt"/>
        <line num="23" count="5" type="stmt"/>
      </file>
    </package>
  </project>
</coverage>
