{"C:\\Users\\Usuario\\OneDrive\\Programación\\Primer año\\Segundo cuatrimestre\\#####Actividades, tareas, ejercicios\\Diseño y arquitectura de despliegues\\Proyecto final\\numeros-romanos-xAlan1125x\\romano-arabigo.js": {"path":"C:\\Users\\Usuario\\OneDrive\\Programación\\Primer año\\Segundo cuatrimestre\\#####Actividades, tareas, ejercicios\\Diseño y arquitectura de despliegues\\Proyecto final\\numeros-romanos-xAlan1125x\\romano-arabigo.js","statementMap":{"0":{"start":{"line":1,"column":17},"end":{"line":1,"column":35}},"1":{"start":{"line":2,"column":12},"end":{"line":2,"column":21}},"2":{"start":{"line":3,"column":13},"end":{"line":3,"column":37}},"3":{"start":{"line":4,"column":0},"end":{"line":10,"column":3}},"4":{"start":{"line":5,"column":2},"end":{"line":5,"column":52}},"5":{"start":{"line":6,"column":2},"end":{"line":6,"column":64}},"6":{"start":{"line":7,"column":2},"end":{"line":7,"column":64}},"7":{"start":{"line":8,"column":2},"end":{"line":8,"column":61}},"8":{"start":{"line":8,"column":32},"end":{"line":8,"column":61}},"9":{"start":{"line":9,"column":2},"end":{"line":9,"column":9}},"10":{"start":{"line":11,"column":74},"end":{"line":11,"column":107}},"11":{"start":{"line":15,"column":0},"end":{"line":39,"column":3}},"12":{"start":{"line":16,"column":14},"end":{"line":16,"column":29}},"13":{"start":{"line":20,"column":2},"end":{"line":29,"column":3}},"14":{"start":{"line":21,"column":4},"end":{"line":21,"column":62}},"15":{"start":{"line":22,"column":4},"end":{"line":28,"column":7}},"16":{"start":{"line":32,"column":2},"end":{"line":37,"column":3}},"17":{"start":{"line":33,"column":25},"end":{"line":33,"column":43}},"18":{"start":{"line":34,"column":4},"end":{"line":34,"column":85}},"19":{"start":{"line":36,"column":4},"end":{"line":36,"column":21}},"20":{"start":{"line":42,"column":0},"end":{"line":79,"column":3}},"21":{"start":{"line":43,"column":14},"end":{"line":43,"column":30}},"22":{"start":{"line":46,"column":4},"end":{"line":55,"column":3}},"23":{"start":{"line":47,"column":4},"end":{"line":47,"column":62}},"24":{"start":{"line":48,"column":4},"end":{"line":54,"column":7}},"25":{"start":{"line":59,"column":12},"end":{"line":59,"column":23}},"26":{"start":{"line":60,"column":3},"end":{"line":69,"column":3}},"27":{"start":{"line":61,"column":4},"end":{"line":61,"column":62}},"28":{"start":{"line":62,"column":4},"end":{"line":68,"column":7}},"29":{"start":{"line":72,"column":2},"end":{"line":77,"column":3}},"30":{"start":{"line":73,"column":25},"end":{"line":73,"column":41}},"31":{"start":{"line":74,"column":4},"end":{"line":74,"column":83}},"32":{"start":{"line":76,"column":4},"end":{"line":76,"column":21}},"33":{"start":{"line":82,"column":21},"end":{"line":82,"column":67}},"34":{"start":{"line":83,"column":22},"end":{"line":97,"column":3}},"35":{"start":{"line":102,"column":0},"end":{"line":104,"column":1}},"36":{"start":{"line":103,"column":2},"end":{"line":103,"column":52}},"37":{"start":{"line":106,"column":10},"end":{"line":106,"column":36}},"38":{"start":{"line":107,"column":0},"end":{"line":109,"column":1}},"39":{"start":{"line":108,"column":2},"end":{"line":108,"column":40}},"40":{"start":{"line":111,"column":18},"end":{"line":111,"column":76}},"41":{"start":{"line":112,"column":0},"end":{"line":114,"column":1}},"42":{"start":{"line":113,"column":2},"end":{"line":113,"column":40}},"43":{"start":{"line":118,"column":14},"end":{"line":118,"column":15}},"44":{"start":{"line":121,"column":2},"end":{"line":131,"column":3}},"45":{"start":{"line":121,"column":15},"end":{"line":121,"column":16}},"46":{"start":{"line":122,"column":24},"end":{"line":122,"column":42}},"47":{"start":{"line":123,"column":27},"end":{"line":123,"column":54}},"48":{"start":{"line":126,"column":1},"end":{"line":130,"column":5}},"49":{"start":{"line":127,"column":6},"end":{"line":127,"column":27}},"50":{"start":{"line":129,"column":6},"end":{"line":129,"column":27}},"51":{"start":{"line":133,"column":2},"end":{"line":133,"column":15}},"52":{"start":{"line":141,"column":0},"end":{"line":143,"column":1}},"53":{"start":{"line":142,"column":2},"end":{"line":142,"column":47}},"54":{"start":{"line":145,"column":0},"end":{"line":147,"column":1}},"55":{"start":{"line":146,"column":2},"end":{"line":146,"column":36}},"56":{"start":{"line":150,"column":10},"end":{"line":150,"column":16}},"57":{"start":{"line":151,"column":18},"end":{"line":151,"column":20}},"58":{"start":{"line":153,"column":2},"end":{"line":159,"column":3}},"59":{"start":{"line":154,"column":4},"end":{"line":157,"column":5}},"60":{"start":{"line":155,"column":6},"end":{"line":155,"column":27}},"61":{"start":{"line":156,"column":6},"end":{"line":156,"column":17}},"62":{"start":{"line":158,"column":4},"end":{"line":158,"column":23}},"63":{"start":{"line":158,"column":17},"end":{"line":158,"column":23}},"64":{"start":{"line":161,"column":2},"end":{"line":161,"column":19}},"65":{"start":{"line":171,"column":21},"end":{"line":171,"column":59}},"66":{"start":{"line":172,"column":0},"end":{"line":172,"column":22}},"67":{"start":{"line":174,"column":0},"end":{"line":174,"column":55}}},"fnMap":{"0":{"name":"(anonymous_0)","decl":{"start":{"line":4,"column":8},"end":{"line":4,"column":9}},"loc":{"start":{"line":4,"column":28},"end":{"line":10,"column":1}},"line":4},"1":{"name":"(anonymous_1)","decl":{"start":{"line":15,"column":16},"end":{"line":15,"column":17}},"loc":{"start":{"line":15,"column":36},"end":{"line":39,"column":1}},"line":15},"2":{"name":"(anonymous_2)","decl":{"start":{"line":42,"column":16},"end":{"line":42,"column":17}},"loc":{"start":{"line":42,"column":36},"end":{"line":79,"column":1}},"line":42},"3":{"name":"romanToArabic","decl":{"start":{"line":100,"column":9},"end":{"line":100,"column":22}},"loc":{"start":{"line":100,"column":30},"end":{"line":134,"column":1}},"line":100},"4":{"name":"arabicToRoman","decl":{"start":{"line":139,"column":9},"end":{"line":139,"column":22}},"loc":{"start":{"line":139,"column":31},"end":{"line":162,"column":1}},"line":139}},"branchMap":{"0":{"loc":{"start":{"line":3,"column":13},"end":{"line":3,"column":37}},"type":"binary-expr","locations":[{"start":{"line":3,"column":13},"end":{"line":3,"column":29}},{"start":{"line":3,"column":33},"end":{"line":3,"column":37}}],"line":3},"1":{"loc":{"start":{"line":8,"column":2},"end":{"line":8,"column":61}},"type":"if","locations":[{"start":{"line":8,"column":2},"end":{"line":8,"column":61}},{"start":{},"end":{}}],"line":8},"2":{"loc":{"start":{"line":20,"column":2},"end":{"line":29,"column":3}},"type":"if","locations":[{"start":{"line":20,"column":2},"end":{"line":29,"column":3}},{"start":{},"end":{}}],"line":20},"3":{"loc":{"start":{"line":20,"column":6},"end":{"line":20,"column":44}},"type":"binary-expr","locations":[{"start":{"line":20,"column":6},"end":{"line":20,"column":23}},{"start":{"line":20,"column":27},"end":{"line":20,"column":44}}],"line":20},"4":{"loc":{"start":{"line":46,"column":4},"end":{"line":55,"column":3}},"type":"if","locations":[{"start":{"line":46,"column":4},"end":{"line":55,"column":3}},{"start":{},"end":{}}],"line":46},"5":{"loc":{"start":{"line":46,"column":8},"end":{"line":46,"column":54}},"type":"binary-expr","locations":[{"start":{"line":46,"column":8},"end":{"line":46,"column":25}},{"start":{"line":46,"column":29},"end":{"line":46,"column":54}}],"line":46},"6":{"loc":{"start":{"line":60,"column":3},"end":{"line":69,"column":3}},"type":"if","locations":[{"start":{"line":60,"column":3},"end":{"line":69,"column":3}},{"start":{},"end":{}}],"line":60},"7":{"loc":{"start":{"line":60,"column":7},"end":{"line":60,"column":69}},"type":"binary-expr","locations":[{"start":{"line":60,"column":7},"end":{"line":60,"column":22}},{"start":{"line":60,"column":26},"end":{"line":60,"column":45}},{"start":{"line":60,"column":49},"end":{"line":60,"column":69}}],"line":60},"8":{"loc":{"start":{"line":102,"column":0},"end":{"line":104,"column":1}},"type":"if","locations":[{"start":{"line":102,"column":0},"end":{"line":104,"column":1}},{"start":{},"end":{}}],"line":102},"9":{"loc":{"start":{"line":107,"column":0},"end":{"line":109,"column":1}},"type":"if","locations":[{"start":{"line":107,"column":0},"end":{"line":109,"column":1}},{"start":{},"end":{}}],"line":107},"10":{"loc":{"start":{"line":112,"column":0},"end":{"line":114,"column":1}},"type":"if","locations":[{"start":{"line":112,"column":0},"end":{"line":114,"column":1}},{"start":{},"end":{}}],"line":112},"11":{"loc":{"start":{"line":123,"column":27},"end":{"line":123,"column":54}},"type":"binary-expr","locations":[{"start":{"line":123,"column":27},"end":{"line":123,"column":49}},{"start":{"line":123,"column":53},"end":{"line":123,"column":54}}],"line":123},"12":{"loc":{"start":{"line":126,"column":1},"end":{"line":130,"column":5}},"type":"if","locations":[{"start":{"line":126,"column":1},"end":{"line":130,"column":5}},{"start":{"line":128,"column":11},"end":{"line":130,"column":5}}],"line":126},"13":{"loc":{"start":{"line":141,"column":0},"end":{"line":143,"column":1}},"type":"if","locations":[{"start":{"line":141,"column":0},"end":{"line":143,"column":1}},{"start":{},"end":{}}],"line":141},"14":{"loc":{"start":{"line":141,"column":4},"end":{"line":141,"column":59}},"type":"binary-expr","locations":[{"start":{"line":141,"column":4},"end":{"line":141,"column":30}},{"start":{"line":141,"column":34},"end":{"line":141,"column":59}}],"line":141},"15":{"loc":{"start":{"line":145,"column":0},"end":{"line":147,"column":1}},"type":"if","locations":[{"start":{"line":145,"column":0},"end":{"line":147,"column":1}},{"start":{},"end":{}}],"line":145},"16":{"loc":{"start":{"line":145,"column":4},"end":{"line":145,"column":31}},"type":"binary-expr","locations":[{"start":{"line":145,"column":4},"end":{"line":145,"column":14}},{"start":{"line":145,"column":18},"end":{"line":145,"column":31}}],"line":145},"17":{"loc":{"start":{"line":158,"column":4},"end":{"line":158,"column":23}},"type":"if","locations":[{"start":{"line":158,"column":4},"end":{"line":158,"column":23}},{"start":{},"end":{}}],"line":158}},"s":{"0":2,"1":2,"2":2,"3":2,"4":14,"5":14,"6":14,"7":14,"8":2,"9":12,"10":2,"11":2,"12":4,"13":4,"14":1,"15":1,"16":3,"17":3,"18":1,"19":2,"20":2,"21":8,"22":8,"23":2,"24":2,"25":6,"26":6,"27":2,"28":2,"29":4,"30":4,"31":1,"32":3,"33":2,"34":2,"35":22,"36":2,"37":20,"38":20,"39":1,"40":19,"41":19,"42":8,"43":11,"44":11,"45":11,"46":37,"47":37,"48":37,"49":12,"50":25,"51":11,"52":16,"53":5,"54":11,"55":6,"56":5,"57":5,"58":5,"59":61,"60":20,"61":20,"62":61,"63":5,"64":5,"65":2,"66":2,"67":2},"f":{"0":14,"1":4,"2":8,"3":22,"4":16},"b":{"0":[2,2],"1":[2,12],"2":[1,3],"3":[4,4],"4":[2,6],"5":[8,7],"6":[2,4],"7":[6,5,5],"8":[2,20],"9":[1,19],"10":[8,11],"11":[37,11],"12":[12,25],"13":[5,11],"14":[16,13],"15":[6,5],"16":[11,7],"17":[5,56]},"_coverageSchema":"1a1c01bbd47fc00a2c39e90264f33305004495a9","hash":"da025b2d7ccba86f6444887eb09f850eefa7da14"}
,"C:\\Users\\Usuario\\OneDrive\\Programación\\Primer año\\Segundo cuatrimestre\\#####Actividades, tareas, ejercicios\\Diseño y arquitectura de despliegues\\Proyecto final\\numeros-romanos-xAlan1125x\\errors\\custom-errors.js": {"path":"C:\\Users\\Usuario\\OneDrive\\Programación\\Primer año\\Segundo cuatrimestre\\#####Actividades, tareas, ejercicios\\Diseño y arquitectura de despliegues\\Proyecto final\\numeros-romanos-xAlan1125x\\errors\\custom-errors.js","statementMap":{"0":{"start":{"line":4,"column":4},"end":{"line":4,"column":48}},"1":{"start":{"line":5,"column":4},"end":{"line":5,"column":43}},"2":{"start":{"line":6,"column":4},"end":{"line":6,"column":22}},"3":{"start":{"line":7,"column":4},"end":{"line":7,"column":32}},"4":{"start":{"line":13,"column":4},"end":{"line":13,"column":72}},"5":{"start":{"line":14,"column":4},"end":{"line":14,"column":34}},"6":{"start":{"line":15,"column":4},"end":{"line":15,"column":22}},"7":{"start":{"line":16,"column":4},"end":{"line":16,"column":31}},"8":{"start":{"line":23,"column":4},"end":{"line":23,"column":49}},"9":{"start":{"line":24,"column":4},"end":{"line":24,"column":37}},"10":{"start":{"line":25,"column":4},"end":{"line":25,"column":22}},"11":{"start":{"line":26,"column":4},"end":{"line":26,"column":33}},"12":{"start":{"line":30,"column":0},"end":{"line":30,"column":83}}},"fnMap":{"0":{"name":"(anonymous_0)","decl":{"start":{"line":3,"column":2},"end":{"line":3,"column":3}},"loc":{"start":{"line":3,"column":21},"end":{"line":8,"column":3}},"line":3},"1":{"name":"(anonymous_1)","decl":{"start":{"line":12,"column":2},"end":{"line":12,"column":3}},"loc":{"start":{"line":12,"column":21},"end":{"line":17,"column":3}},"line":12},"2":{"name":"(anonymous_2)","decl":{"start":{"line":22,"column":2},"end":{"line":22,"column":3}},"loc":{"start":{"line":22,"column":21},"end":{"line":27,"column":3}},"line":22}},"branchMap":{},"s":{"0":11,"1":11,"2":11,"3":11,"4":6,"5":6,"6":6,"7":6,"8":5,"9":5,"10":5,"11":5,"12":2},"f":{"0":11,"1":6,"2":5},"b":{},"_coverageSchema":"1a1c01bbd47fc00a2c39e90264f33305004495a9","hash":"ea4f8e5d837c0c4bbe6d1d94ac19c85f7dd9ea92"}
,"C:\\Users\\Usuario\\OneDrive\\Programación\\Primer año\\Segundo cuatrimestre\\#####Actividades, tareas, ejercicios\\Diseño y arquitectura de despliegues\\Proyecto final\\numeros-romanos-xAlan1125x\\middlewares\\error-handler.js": {"path":"C:\\Users\\Usuario\\OneDrive\\Programación\\Primer año\\Segundo cuatrimestre\\#####Actividades, tareas, ejercicios\\Diseño y arquitectura de despliegues\\Proyecto final\\numeros-romanos-xAlan1125x\\middlewares\\error-handler.js","statementMap":{"0":{"start":{"line":3,"column":17},"end":{"line":3,"column":34}},"1":{"start":{"line":4,"column":15},"end":{"line":4,"column":105}},"2":{"start":{"line":5,"column":2},"end":{"line":12,"column":4}},"3":{"start":{"line":15,"column":0},"end":{"line":24,"column":2}},"4":{"start":{"line":17,"column":2},"end":{"line":17,"column":52}},"5":{"start":{"line":19,"column":17},"end":{"line":19,"column":34}},"6":{"start":{"line":20,"column":18},"end":{"line":20,"column":44}},"7":{"start":{"line":22,"column":2},"end":{"line":22,"column":60}},"8":{"start":{"line":23,"column":2},"end":{"line":23,"column":35}}},"fnMap":{"0":{"name":"problemFromError","decl":{"start":{"line":2,"column":9},"end":{"line":2,"column":25}},"loc":{"start":{"line":2,"column":36},"end":{"line":13,"column":1}},"line":2},"1":{"name":"(anonymous_1)","decl":{"start":{"line":15,"column":17},"end":{"line":15,"column":18}},"loc":{"start":{"line":15,"column":42},"end":{"line":24,"column":1}},"line":15}},"branchMap":{"0":{"loc":{"start":{"line":3,"column":17},"end":{"line":3,"column":34}},"type":"binary-expr","locations":[{"start":{"line":3,"column":17},"end":{"line":3,"column":27}},{"start":{"line":3,"column":31},"end":{"line":3,"column":34}}],"line":3},"1":{"loc":{"start":{"line":4,"column":15},"end":{"line":4,"column":105}},"type":"cond-expr","locations":[{"start":{"line":4,"column":26},"end":{"line":4,"column":47}},{"start":{"line":4,"column":51},"end":{"line":4,"column":104}}],"line":4},"2":{"loc":{"start":{"line":4,"column":51},"end":{"line":4,"column":104}},"type":"cond-expr","locations":[{"start":{"line":4,"column":62},"end":{"line":4,"column":83}},{"start":{"line":4,"column":86},"end":{"line":4,"column":104}}],"line":4},"3":{"loc":{"start":{"line":7,"column":11},"end":{"line":7,"column":49}},"type":"binary-expr","locations":[{"start":{"line":7,"column":11},"end":{"line":7,"column":22}},{"start":{"line":7,"column":26},"end":{"line":7,"column":49}}],"line":7},"4":{"loc":{"start":{"line":10,"column":12},"end":{"line":10,"column":50}},"type":"binary-expr","locations":[{"start":{"line":10,"column":12},"end":{"line":10,"column":22}},{"start":{"line":10,"column":26},"end":{"line":10,"column":37}},{"start":{"line":10,"column":41},"end":{"line":10,"column":50}}],"line":10},"5":{"loc":{"start":{"line":11,"column":14},"end":{"line":11,"column":47}},"type":"cond-expr","locations":[{"start":{"line":11,"column":20},"end":{"line":11,"column":35}},{"start":{"line":11,"column":38},"end":{"line":11,"column":47}}],"line":11},"6":{"loc":{"start":{"line":17,"column":16},"end":{"line":17,"column":50}},"type":"cond-expr","locations":[{"start":{"line":17,"column":35},"end":{"line":17,"column":44}},{"start":{"line":17,"column":47},"end":{"line":17,"column":50}}],"line":17},"7":{"loc":{"start":{"line":17,"column":16},"end":{"line":17,"column":32}},"type":"binary-expr","locations":[{"start":{"line":17,"column":16},"end":{"line":17,"column":19}},{"start":{"line":17,"column":23},"end":{"line":17,"column":32}}],"line":17},"8":{"loc":{"start":{"line":19,"column":17},"end":{"line":19,"column":34}},"type":"binary-expr","locations":[{"start":{"line":19,"column":17},"end":{"line":19,"column":27}},{"start":{"line":19,"column":31},"end":{"line":19,"column":34}}],"line":19}},"s":{"0":5,"1":5,"2":5,"3":2,"4":5,"5":5,"6":5,"7":5,"8":5},"f":{"0":5,"1":5},"b":{"0":[5,0],"1":[5,0],"2":[0,0],"3":[5,0],"4":[5,5,0],"5":[5,0],"6":[5,0],"7":[5,5],"8":[5,0]},"_coverageSchema":"1a1c01bbd47fc00a2c39e90264f33305004495a9","hash":"83a32ad3e8bebff08db16363810ef8d0fea7baea"}
}
