TN:
SF:romano-arabigo.js
FN:4,(anonymous_0)
FN:15,(anonymous_1)
FN:42,(anonymous_2)
FN:100,romanToArabic
FN:139,arabicToRoman
FNF:5
FNH:5
FNDA:14,(anonymous_0)
FNDA:4,(anonymous_1)
FNDA:8,(anonymous_2)
FNDA:22,romanToArabic
FNDA:16,arabicToRoman
DA:1,2
DA:2,2
DA:3,2
DA:4,2
DA:5,14
DA:6,14
DA:7,14
DA:8,14
DA:9,12
DA:11,2
DA:15,2
DA:16,4
DA:20,4
DA:21,1
DA:22,1
DA:32,3
DA:33,3
DA:34,1
DA:36,2
DA:42,2
DA:43,8
DA:46,8
DA:47,2
DA:48,2
DA:59,6
DA:60,6
DA:61,2
DA:62,2
DA:72,4
DA:73,4
DA:74,1
DA:76,3
DA:82,2
DA:83,2
DA:102,22
DA:103,2
DA:106,20
DA:107,20
DA:108,1
DA:111,19
DA:112,19
DA:113,8
DA:118,11
DA:121,11
DA:122,37
DA:123,37
DA:126,37
DA:127,12
DA:129,25
DA:133,11
DA:141,16
DA:142,5
DA:145,11
DA:146,6
DA:150,5
DA:151,5
DA:153,5
DA:154,61
DA:155,20
DA:156,20
DA:158,61
DA:161,5
DA:171,2
DA:172,2
DA:174,2
LF:65
LH:65
BRDA:3,0,0,2
BRDA:3,0,1,2
BRDA:8,1,0,2
BRDA:8,1,1,12
BRDA:20,2,0,1
BRDA:20,2,1,3
BRDA:20,3,0,4
BRDA:20,3,1,4
BRDA:46,4,0,2
BRDA:46,4,1,6
BRDA:46,5,0,8
BRDA:46,5,1,7
BRDA:60,6,0,2
BRDA:60,6,1,4
BRDA:60,7,0,6
BRDA:60,7,1,5
BRDA:60,7,2,5
BRDA:102,8,0,2
BRDA:102,8,1,20
BRDA:107,9,0,1
BRDA:107,9,1,19
BRDA:112,10,0,8
BRDA:112,10,1,11
BRDA:123,11,0,37
BRDA:123,11,1,11
BRDA:126,12,0,12
BRDA:126,12,1,25
BRDA:141,13,0,5
BRDA:141,13,1,11
BRDA:141,14,0,16
BRDA:141,14,1,13
BRDA:145,15,0,6
BRDA:145,15,1,5
BRDA:145,16,0,11
BRDA:145,16,1,7
BRDA:158,17,0,5
BRDA:158,17,1,56
BRF:37
BRH:37
end_of_record
TN:
SF:errors\custom-errors.js
FN:3,(anonymous_0)
FN:12,(anonymous_1)
FN:22,(anonymous_2)
FNF:3
FNH:3
FNDA:11,(anonymous_0)
FNDA:6,(anonymous_1)
FNDA:5,(anonymous_2)
DA:4,11
DA:5,11
DA:6,11
DA:7,11
DA:13,6
DA:14,6
DA:15,6
DA:16,6
DA:23,5
DA:24,5
DA:25,5
DA:26,5
DA:30,2
LF:13
LH:13
BRF:0
BRH:0
end_of_record
TN:
SF:middlewares\error-handler.js
FN:2,problemFromError
FN:15,(anonymous_1)
FNF:2
FNH:2
FNDA:5,problemFromError
FNDA:5,(anonymous_1)
DA:3,5
DA:4,5
DA:5,5
DA:15,2
DA:17,5
DA:19,5
DA:20,5
DA:22,5
DA:23,5
LF:9
LH:9
BRDA:3,0,0,5
BRDA:3,0,1,0
BRDA:4,1,0,5
BRDA:4,1,1,0
BRDA:4,2,0,0
BRDA:4,2,1,0
BRDA:7,3,0,5
BRDA:7,3,1,0
BRDA:10,4,0,5
BRDA:10,4,1,5
BRDA:10,4,2,0
BRDA:11,5,0,5
BRDA:11,5,1,0
BRDA:17,6,0,5
BRDA:17,6,1,0
BRDA:17,7,0,5
BRDA:17,7,1,5
BRDA:19,8,0,5
BRDA:19,8,1,0
BRF:19
BRH:10
end_of_record
